<?xml version="1.0" encoding="UTF-8"?>
<testng-results skipped="0" failed="0" ignored="0" total="3" passed="3">
  <reporter-output>
  </reporter-output>
  <suite name="Default suite" duration-ms="23413" started-at="2018-07-10T01:32:51Z" finished-at="2018-07-10T01:33:15Z">
    <groups>
    </groups>
    <test name="Default test" duration-ms="23413" started-at="2018-07-10T01:32:51Z" finished-at="2018-07-10T01:33:15Z">
      <class name="advanced.AccountManagement">
        <test-method status="PASS" signature="setup()[pri:0, instance:advanced.AccountManagement@6d8a00e3]" name="setup" is-config="true" duration-ms="6361" started-at="2018-07-09T21:32:51Z" finished-at="2018-07-09T21:32:57Z">
          <reporter-output>
          </reporter-output>
        </test-method> <!-- setup -->
        <test-method status="PASS" signature="loginTest(java.lang.String, java.lang.String, boolean)[pri:0, instance:advanced.AccountManagement@6d8a00e3]" name="loginTest" duration-ms="1096" started-at="2018-07-09T21:32:57Z" data-provider="testData" finished-at="2018-07-09T21:32:59Z">
          <params>
            <param index="0">
              <value>
                <![CDATA[tim@testemail.com]]>
              </value>
            </param>
            <param index="1">
              <value>
                <![CDATA[password]]>
              </value>
            </param>
            <param index="2">
              <value>
                <![CDATA[true]]>
              </value>
            </param>
          </params>
          <reporter-output>
          </reporter-output>
        </test-method> <!-- loginTest -->
        <test-method status="PASS" signature="tearDown()[pri:0, instance:advanced.AccountManagement@6d8a00e3]" name="tearDown" is-config="true" duration-ms="425" started-at="2018-07-09T21:32:59Z" finished-at="2018-07-09T21:32:59Z">
          <reporter-output>
          </reporter-output>
        </test-method> <!-- tearDown -->
        <test-method status="PASS" signature="setup()[pri:0, instance:advanced.AccountManagement@6d8a00e3]" name="setup" is-config="true" duration-ms="6028" started-at="2018-07-09T21:32:59Z" finished-at="2018-07-09T21:33:05Z">
          <reporter-output>
          </reporter-output>
        </test-method> <!-- setup -->
        <test-method status="PASS" signature="loginTest(java.lang.String, java.lang.String, boolean)[pri:0, instance:advanced.AccountManagement@6d8a00e3]" name="loginTest" duration-ms="1232" started-at="2018-07-09T21:33:05Z" data-provider="testData" finished-at="2018-07-09T21:33:06Z">
          <params>
            <param index="0">
              <value>
                <![CDATA[lindsey@freddie.com]]>
              </value>
            </param>
            <param index="1">
              <value>
                <![CDATA[lindseypassword]]>
              </value>
            </param>
            <param index="2">
              <value>
                <![CDATA[false]]>
              </value>
            </param>
          </params>
          <reporter-output>
          </reporter-output>
        </test-method> <!-- loginTest -->
        <test-method status="PASS" signature="tearDown()[pri:0, instance:advanced.AccountManagement@6d8a00e3]" name="tearDown" is-config="true" duration-ms="275" started-at="2018-07-09T21:33:06Z" finished-at="2018-07-09T21:33:07Z">
          <reporter-output>
          </reporter-output>
        </test-method> <!-- tearDown -->
        <test-method status="PASS" signature="setup()[pri:0, instance:advanced.AccountManagement@6d8a00e3]" name="setup" is-config="true" duration-ms="6642" started-at="2018-07-09T21:33:07Z" finished-at="2018-07-09T21:33:13Z">
          <reporter-output>
          </reporter-output>
        </test-method> <!-- setup -->
        <test-method status="PASS" signature="loginTest(java.lang.String, java.lang.String, boolean)[pri:0, instance:advanced.AccountManagement@6d8a00e3]" name="loginTest" duration-ms="976" started-at="2018-07-09T21:33:13Z" data-provider="testData" finished-at="2018-07-09T21:33:14Z">
          <params>
            <param index="0">
              <value>
                <![CDATA[kim@freddie.com]]>
              </value>
            </param>
            <param index="1">
              <value>
                <![CDATA[kpassword]]>
              </value>
            </param>
            <param index="2">
              <value>
                <![CDATA[false]]>
              </value>
            </param>
          </params>
          <reporter-output>
          </reporter-output>
        </test-method> <!-- loginTest -->
        <test-method status="PASS" signature="tearDown()[pri:0, instance:advanced.AccountManagement@6d8a00e3]" name="tearDown" is-config="true" duration-ms="347" started-at="2018-07-09T21:33:14Z" finished-at="2018-07-09T21:33:15Z">
          <reporter-output>
          </reporter-output>
        </test-method> <!-- tearDown -->
      </class> <!-- advanced.AccountManagement -->
    </test> <!-- Default test -->
  </suite> <!-- Default suite -->
</testng-results>
