<?xml version="1.0" encoding="UTF-8"?>
<!-- Generated by org.testng.reporters.JUnitXMLReporter -->
<testsuite hostname="Timothy" ignored="0" name="Default test" tests="3" failures="0" timestamp="10 Jul 2018 01:33:15 GMT" time="23.413" errors="0">
  <testcase name="loginTest" time="1.096" classname="advanced.AccountManagement"/>
  <testcase name="loginTest" time="1.232" classname="advanced.AccountManagement"/>
  <testcase name="loginTest" time="0.976" classname="advanced.AccountManagement"/>
</testsuite> <!-- Default test -->
