<?xml version="1.0" encoding="UTF-8"?>
<!-- Generated by org.testng.reporters.JUnitXMLReporter -->
<testsuite hostname="Timothy" ignored="0" name="Default test" tests="5" failures="0" timestamp="12 Jul 2018 00:59:17 GMT" time="0.735" errors="0">
  <testcase name="loginTest" time="0.007" classname="data.NewAccountEXCEL"/>
  <testcase name="loginTest" time="0.002" classname="data.NewAccountEXCEL"/>
  <testcase name="loginTest" time="0.002" classname="data.NewAccountEXCEL"/>
  <testcase name="loginTest" time="0.005" classname="data.NewAccountEXCEL"/>
  <testcase name="loginTest" time="0.002" classname="data.NewAccountEXCEL"/>
</testsuite> <!-- Default test -->
